[debug] [2023-08-10T16:07:42.365Z] ----------------------------------------------------------------------
[debug] [2023-08-10T16:07:42.368Z] Command:       C:\Program Files\nodejs\node.exe C:\Users\Dell\AppData\Roaming\npm\node_modules\firebase-tools\lib\bin\firebase.js init
[debug] [2023-08-10T16:07:42.369Z] CLI Version:   12.4.7
[debug] [2023-08-10T16:07:42.369Z] Platform:      win32
[debug] [2023-08-10T16:07:42.369Z] Node Version:  v18.16.1
[debug] [2023-08-10T16:07:42.370Z] Time:          Thu Aug 10 2023 21:37:42 GMT+0530 (India Standard Time)
[debug] [2023-08-10T16:07:42.371Z] ----------------------------------------------------------------------
[debug] 
[debug] [2023-08-10T16:07:42.489Z] > command requires scopes: ["email","openid","https://www.googleapis.com/auth/cloudplatformprojects.readonly","https://www.googleapis.com/auth/firebase","https://www.googleapis.com/auth/cloud-platform"]
[debug] [2023-08-10T16:07:42.490Z] > authorizing via signed-in user (mdaashiqin2000@gmail.com)
[info] 
     ######## #### ########  ######## ########     ###     ######  ########
     ##        ##  ##     ## ##       ##     ##  ##   ##  ##       ##
     ######    ##  ########  ######   ########  #########  ######  ######
     ##        ##  ##    ##  ##       ##     ## ##     ##       ## ##
     ##       #### ##     ## ######## ########  ##     ##  ######  ########

You're about to initialize a Firebase project in this directory:

  C:\Users\Dell\Desktop\projects1\hotel-menu

Before we get started, keep in mind:

  * You are initializing within an existing Firebase project directory

[info] 
=== Project Setup
[info] 
[info] First, let's associate this project directory with a Firebase project.
[info] You can create multiple project aliases by running firebase use --add, 
[info] but for now we'll just set up a default project.
[info] 
[debug] [2023-08-10T16:07:50.870Z] Using project from CLI flag: hotel-menu-card
[debug] [2023-08-10T16:07:50.874Z] >>> [apiv2][query] GET https://firebase.googleapis.com/v1beta1/projects/hotel-menu-card [none]
[debug] [2023-08-10T16:07:51.656Z] <<< [apiv2][status] GET https://firebase.googleapis.com/v1beta1/projects/hotel-menu-card 200
[debug] [2023-08-10T16:07:51.657Z] <<< [apiv2][body] GET https://firebase.googleapis.com/v1beta1/projects/hotel-menu-card {"projectId":"hotel-menu-card","projectNumber":"236163370350","displayName":"hotel-menu-card","name":"projects/hotel-menu-card","resources":{"hostingSite":"hotel-menu-card"},"state":"ACTIVE","etag":"1_d85c64aa-aef8-4d2a-9d7e-49f80b89304d"}
[info] i  Using project hotel-menu-card (hotel-menu-card) 
[info] 
=== Hosting Setup
[info] 
[info] Your public directory is the folder (relative to your project directory) that
[info] will contain Hosting assets to be uploaded with firebase deploy. If you
[info] have a build process for your assets, use your build's output directory.
[info] 
